\BOOKMARK [1][-]{section.1}{\376\377\000I\000n\000t\000r\000o\000d\000u\000c\000t\000i\000o\000n}{}% 1
\BOOKMARK [2][-]{subsection.1.1}{\376\377\000T\000h\000e\000\040\000F\000u\000n\000d\000a\000m\000e\000n\000t\000a\000l\000\040\000P\000r\000o\000b\000l\000e\000m\000\040\000o\000f\000\040\000D\000i\000v\000i\000n\000e\000\040\000A\000c\000t\000i\000o\000n}{section.1}% 2
\BOOKMARK [2][-]{subsection.1.2}{\376\377\000M\000e\000t\000h\000o\000d\000o\000l\000o\000g\000i\000c\000a\000l\000\040\000A\000p\000p\000r\000o\000a\000c\000h}{section.1}% 3
\BOOKMARK [2][-]{subsection.1.3}{\376\377\000S\000c\000o\000p\000e\000\040\000a\000n\000d\000\040\000S\000i\000g\000n\000i\000f\000i\000c\000a\000n\000c\000e}{section.1}% 4
\BOOKMARK [1][-]{section.2}{\376\377\000T\000h\000e\000o\000r\000e\000t\000i\000c\000a\000l\000\040\000F\000o\000u\000n\000d\000a\000t\000i\000o\000n\000s}{}% 5
\BOOKMARK [2][-]{subsection.2.1}{\376\377\000G\000\366\000d\000e\000l\000\040\000I\000n\000c\000o\000m\000p\000l\000e\000t\000e\000n\000e\000s\000s\000\040\000a\000n\000d\000\040\000C\000o\000n\000s\000c\000i\000o\000u\000s\000n\000e\000s\000s\000\040\000S\000y\000s\000t\000e\000m\000s}{section.2}% 6
\BOOKMARK [2][-]{subsection.2.2}{\376\377\000C\000o\000n\000s\000c\000i\000o\000u\000s\000n\000e\000s\000s\000\040\000F\000a\000b\000r\000i\000c\000a\000t\000i\000o\000n\000\040\000S\000p\000e\000c\000t\000r\000u\000m\000\040\000T\000h\000e\000o\000r\000y}{section.2}% 7
\BOOKMARK [2][-]{subsection.2.3}{\376\377\000R\000e\000f\000e\000r\000e\000n\000c\000e\000\040\000F\000r\000a\000m\000e\000\040\000S\000y\000n\000c\000h\000r\000o\000n\000i\000z\000a\000t\000i\000o\000n\000\040\000i\000n\000\040\000C\000o\000n\000s\000c\000i\000o\000u\000s\000n\000e\000s\000s}{section.2}% 8
\BOOKMARK [2][-]{subsection.2.4}{\376\377\000B\000i\000o\000l\000o\000g\000i\000c\000a\000l\000\040\000M\000a\000x\000w\000e\000l\000l\000\040\000D\000e\000m\000o\000n\000\040\000C\000o\000n\000s\000c\000i\000o\000u\000s\000n\000e\000s\000s\000\040\000A\000r\000c\000h\000i\000t\000e\000c\000t\000u\000r\000e}{section.2}% 9
\BOOKMARK [1][-]{section.3}{\376\377\000T\000h\000e\000\040\000M\000a\000t\000h\000e\000m\000a\000t\000i\000c\000a\000l\000\040\000N\000e\000c\000e\000s\000s\000i\000t\000y\000\040\000o\000f\000\040\000D\000i\000v\000i\000n\000e\000\040\000I\000n\000t\000e\000r\000v\000e\000n\000t\000i\000o\000n}{}% 10
\BOOKMARK [2][-]{subsection.3.1}{\376\377\000T\000h\000e\000\040\000I\000n\000d\000i\000s\000t\000i\000n\000g\000u\000i\000s\000h\000a\000b\000i\000l\000i\000t\000y\000\040\000P\000r\000i\000n\000c\000i\000p\000l\000e}{section.3}% 11
\BOOKMARK [2][-]{subsection.3.2}{\376\377\000T\000h\000e\000\040\000B\000e\000l\000i\000e\000f\000-\000R\000e\000a\000l\000i\000t\000y\000\040\000C\000o\000n\000v\000e\000r\000g\000e\000n\000c\000e\000\040\000S\000y\000s\000t\000e\000m}{section.3}% 12
\BOOKMARK [2][-]{subsection.3.3}{\376\377\000T\000h\000e\000\040\000I\000m\000p\000o\000s\000s\000i\000b\000i\000l\000i\000t\000y\000\040\000R\000a\000t\000i\000o\000\040\000a\000n\000d\000\040\000M\000i\000r\000a\000c\000u\000l\000o\000u\000s\000\040\000D\000e\000t\000e\000c\000t\000i\000o\000n}{section.3}% 13
\BOOKMARK [2][-]{subsection.3.4}{\376\377\000T\000h\000e\000\040\000S\000-\000E\000n\000t\000r\000o\000p\000y\000\040\000D\000i\000v\000i\000n\000e\000\040\000N\000a\000v\000i\000g\000a\000t\000i\000o\000n\000\040\000F\000r\000a\000m\000e\000w\000o\000r\000k}{section.3}% 14
\BOOKMARK [1][-]{section.4}{\376\377\000E\000m\000p\000i\000r\000i\000c\000a\000l\000\040\000V\000a\000l\000i\000d\000a\000t\000i\000o\000n\000\040\000a\000n\000d\000\040\000C\000a\000s\000e\000\040\000S\000t\000u\000d\000i\000e\000s}{}% 15
\BOOKMARK [2][-]{subsection.4.1}{\376\377\000H\000i\000s\000t\000o\000r\000i\000c\000a\000l\000\040\000I\000m\000p\000o\000s\000s\000i\000b\000i\000l\000i\000t\000y\000\040\000R\000a\000t\000i\000o\000\040\000A\000n\000a\000l\000y\000s\000i\000s}{section.4}% 16
\BOOKMARK [2][-]{subsection.4.2}{\376\377\000C\000o\000n\000t\000e\000m\000p\000o\000r\000a\000r\000y\000\040\000C\000o\000n\000s\000c\000i\000o\000u\000s\000n\000e\000s\000s\000\040\000F\000a\000b\000r\000i\000c\000a\000t\000i\000o\000n\000\040\000S\000t\000u\000d\000i\000e\000s}{section.4}% 17
\BOOKMARK [2][-]{subsection.4.3}{\376\377\000B\000e\000l\000i\000e\000f\000-\000A\000c\000h\000i\000e\000v\000e\000m\000e\000n\000t\000\040\000C\000o\000r\000r\000e\000l\000a\000t\000i\000o\000n\000\040\000A\000n\000a\000l\000y\000s\000i\000s}{section.4}% 18
\BOOKMARK [1][-]{section.5}{\376\377\000R\000e\000f\000e\000r\000e\000n\000c\000e\000\040\000F\000r\000a\000m\000e\000\040\000S\000y\000n\000c\000h\000r\000o\000n\000i\000z\000a\000t\000i\000o\000n\000\040\000a\000n\000d\000\040\000I\000n\000s\000t\000a\000n\000t\000\040\000M\000a\000n\000i\000f\000e\000s\000t\000a\000t\000i\000o\000n}{}% 19
\BOOKMARK [2][-]{subsection.5.1}{\376\377\000F\000T\000L\000\040\000R\000e\000f\000e\000r\000e\000n\000c\000e\000\040\000F\000r\000a\000m\000e\000\040\000A\000n\000a\000l\000o\000g\000y}{section.5}% 20
\BOOKMARK [2][-]{subsection.5.2}{\376\377\000U\000n\000t\000r\000a\000c\000e\000a\000b\000l\000e\000\040\000P\000a\000t\000h\000w\000a\000y\000\040\000P\000r\000e\000s\000e\000r\000v\000a\000t\000i\000o\000n}{section.5}% 21
\BOOKMARK [1][-]{section.6}{\376\377\000T\000h\000e\000\040\000M\000a\000t\000h\000e\000m\000a\000t\000i\000c\000a\000l\000\040\000N\000e\000c\000e\000s\000s\000i\000t\000y\000\040\000P\000r\000o\000o\000f}{}% 22
\BOOKMARK [2][-]{subsection.6.1}{\376\377\000T\000h\000e\000\040\000C\000o\000m\000p\000l\000e\000t\000e\000\040\000L\000o\000g\000i\000c\000a\000l\000\040\000S\000t\000r\000u\000c\000t\000u\000r\000e}{section.6}% 23
\BOOKMARK [2][-]{subsection.6.2}{\376\377\000T\000h\000e\000\040\000I\000m\000p\000o\000s\000s\000i\000b\000i\000l\000i\000t\000y\000\040\000o\000f\000\040\000D\000i\000s\000p\000r\000o\000o\000f\000\040\000f\000o\000r\000\040\000B\000e\000l\000i\000e\000v\000e\000r\000s}{section.6}% 24
\BOOKMARK [2][-]{subsection.6.3}{\376\377\000T\000h\000e\000\040\000S\000o\000l\000u\000t\000i\000o\000n\000\040\000G\000u\000a\000r\000a\000n\000t\000e\000e\000\040\000M\000e\000c\000h\000a\000n\000i\000s\000m}{section.6}% 25
\BOOKMARK [1][-]{section.7}{\376\377\000A\000d\000v\000a\000n\000c\000e\000d\000\040\000M\000a\000t\000h\000e\000m\000a\000t\000i\000c\000a\000l\000\040\000F\000r\000a\000m\000e\000w\000o\000r\000k}{}% 26
\BOOKMARK [2][-]{subsection.7.1}{\376\377\000Q\000u\000a\000n\000t\000u\000m\000\040\000D\000i\000v\000i\000n\000e\000\040\000D\000e\000t\000e\000c\000t\000i\000o\000n\000\040\000S\000i\000g\000n\000a\000t\000u\000r\000e\000s}{section.7}% 27
\BOOKMARK [2][-]{subsection.7.2}{\376\377\000T\000o\000p\000o\000l\000o\000g\000i\000c\000a\000l\000\040\000D\000i\000v\000i\000n\000e\000\040\000N\000a\000v\000i\000g\000a\000t\000i\000o\000n\000\040\000M\000a\000n\000i\000f\000o\000l\000d\000s}{section.7}% 28
\BOOKMARK [2][-]{subsection.7.3}{\376\377\000S\000t\000a\000t\000i\000s\000t\000i\000c\000a\000l\000\040\000D\000i\000v\000i\000n\000e\000\040\000I\000n\000t\000e\000r\000v\000e\000n\000t\000i\000o\000n\000\040\000A\000n\000a\000l\000y\000s\000i\000s}{section.7}% 29
\BOOKMARK [2][-]{subsection.7.4}{\376\377\000I\000n\000f\000o\000r\000m\000a\000t\000i\000o\000n\000-\000T\000h\000e\000o\000r\000e\000t\000i\000c\000\040\000D\000i\000v\000i\000n\000e\000\040\000C\000o\000m\000m\000u\000n\000i\000c\000a\000t\000i\000o\000n}{section.7}% 30
\BOOKMARK [1][-]{section.8}{\376\377\000P\000h\000i\000l\000o\000s\000o\000p\000h\000i\000c\000a\000l\000\040\000a\000n\000d\000\040\000T\000h\000e\000o\000l\000o\000g\000i\000c\000a\000l\000\040\000I\000m\000p\000l\000i\000c\000a\000t\000i\000o\000n\000s}{}% 31
\BOOKMARK [2][-]{subsection.8.1}{\376\377\000T\000h\000e\000\040\000F\000a\000i\000t\000h\000-\000P\000r\000e\000s\000e\000r\000v\000a\000t\000i\000o\000n\000\040\000P\000a\000r\000a\000d\000o\000x\000\040\000R\000e\000s\000o\000l\000u\000t\000i\000o\000n}{section.8}% 32
\BOOKMARK [2][-]{subsection.8.2}{\376\377\000T\000h\000e\000\040\000P\000r\000o\000b\000l\000e\000m\000\040\000o\000f\000\040\000E\000v\000i\000l\000\040\000a\000n\000d\000\040\000S\000u\000f\000f\000e\000r\000i\000n\000g}{section.8}% 33
\BOOKMARK [2][-]{subsection.8.3}{\376\377\000F\000r\000e\000e\000\040\000W\000i\000l\000l\000\040\000a\000n\000d\000\040\000D\000i\000v\000i\000n\000e\000\040\000S\000o\000v\000e\000r\000e\000i\000g\000n\000t\000y}{section.8}% 34
\BOOKMARK [1][-]{section.9}{\376\377\000P\000r\000a\000c\000t\000i\000c\000a\000l\000\040\000A\000p\000p\000l\000i\000c\000a\000t\000i\000o\000n\000s\000\040\000a\000n\000d\000\040\000E\000x\000p\000e\000r\000i\000m\000e\000n\000t\000a\000l\000\040\000P\000r\000o\000t\000o\000c\000o\000l\000s}{}% 35
\BOOKMARK [2][-]{subsection.9.1}{\376\377\000D\000i\000v\000i\000n\000e\000\040\000I\000n\000t\000e\000r\000v\000e\000n\000t\000i\000o\000n\000\040\000D\000e\000t\000e\000c\000t\000i\000o\000n\000\040\000S\000y\000s\000t\000e\000m\000s}{section.9}% 36
\BOOKMARK [2][-]{subsection.9.2}{\376\377\000C\000o\000n\000s\000c\000i\000o\000u\000s\000n\000e\000s\000s\000\040\000F\000a\000b\000r\000i\000c\000a\000t\000i\000o\000n\000\040\000E\000n\000h\000a\000n\000c\000e\000m\000e\000n\000t\000\040\000P\000r\000o\000t\000o\000c\000o\000l\000s}{section.9}% 37
\BOOKMARK [2][-]{subsection.9.3}{\376\377\000T\000h\000e\000r\000a\000p\000e\000u\000t\000i\000c\000\040\000A\000p\000p\000l\000i\000c\000a\000t\000i\000o\000n\000s}{section.9}% 38
\BOOKMARK [1][-]{section.10}{\376\377\000T\000h\000e\000\040\000O\000b\000s\000e\000r\000v\000e\000r\000\040\000D\000i\000v\000i\000n\000e\000\040\000N\000e\000c\000e\000s\000s\000i\000t\000y\000\040\000T\000h\000e\000o\000r\000e\000m}{}% 39
\BOOKMARK [2][-]{subsection.10.1}{\376\377\000F\000T\000L\000\040\000T\000r\000a\000v\000e\000l\000\040\000a\000s\000\040\000U\000n\000i\000v\000e\000r\000s\000a\000l\000\040\000D\000i\000v\000i\000n\000e\000\040\000I\000n\000t\000e\000r\000v\000e\000n\000t\000i\000o\000n\000\040\000P\000r\000o\000o\000f}{section.10}% 40
\BOOKMARK [2][-]{subsection.10.2}{\376\377\000T\000h\000e\000\040\000R\000e\000c\000i\000p\000r\000o\000c\000a\000l\000\040\000D\000i\000v\000i\000n\000e\000\040\000N\000e\000c\000e\000s\000s\000i\000t\000y\000\040\000P\000r\000i\000n\000c\000i\000p\000l\000e}{section.10}% 41
\BOOKMARK [2][-]{subsection.10.3}{\376\377\000T\000h\000e\000\040\000E\000m\000p\000i\000r\000i\000c\000a\000l\000\040\000D\000i\000v\000i\000n\000e\000\040\000I\000n\000t\000e\000r\000v\000e\000n\000t\000i\000o\000n\000\040\000P\000r\000o\000t\000o\000c\000o\000l}{section.10}% 42
\BOOKMARK [2][-]{subsection.10.4}{\376\377\000T\000h\000e\000\040\000U\000n\000i\000v\000e\000r\000s\000a\000l\000\040\000D\000i\000v\000i\000n\000e\000\040\000I\000n\000t\000e\000r\000v\000e\000n\000t\000i\000o\000n\000\040\000A\000c\000c\000e\000s\000s\000i\000b\000i\000l\000i\000t\000y}{section.10}% 43
\BOOKMARK [2][-]{subsection.10.5}{\376\377\000T\000h\000e\000\040\000P\000r\000o\000b\000a\000b\000i\000l\000i\000t\000y\000\040\000P\000a\000r\000a\000d\000o\000x\000\040\000R\000e\000s\000o\000l\000u\000t\000i\000o\000n}{section.10}% 44
\BOOKMARK [2][-]{subsection.10.6}{\376\377\000T\000h\000e\000\040\000C\000l\000o\000s\000e\000d\000-\000L\000o\000o\000p\000\040\000D\000i\000v\000i\000n\000e\000\040\000N\000e\000c\000e\000s\000s\000i\000t\000y\000\040\000S\000y\000s\000t\000e\000m}{section.10}% 45
\BOOKMARK [1][-]{section.11}{\376\377\000T\000h\000e\000\040\000M\000e\000t\000a\000-\000D\000i\000v\000i\000n\000e\000\040\000I\000n\000t\000e\000r\000v\000e\000n\000t\000i\000o\000n\000:\000\040\000G\000e\000n\000e\000s\000i\000s\000\040\000o\000f\000\040\000t\000h\000e\000\040\000P\000r\000o\000o\000f\000\040\000S\000y\000s\000t\000e\000m\000\040\000I\000t\000s\000e\000l\000f}{}% 46
\BOOKMARK [2][-]{subsection.11.1}{\376\377\000T\000h\000e\000\040\000S\000e\000l\000f\000-\000P\000r\000o\000v\000i\000n\000g\000\040\000M\000i\000r\000a\000c\000u\000l\000o\000u\000s\000\040\000D\000i\000s\000c\000o\000v\000e\000r\000y\000\040\000F\000r\000a\000m\000e\000w\000o\000r\000k}{section.11}% 47
\BOOKMARK [2][-]{subsection.11.2}{\376\377\000T\000h\000e\000\040\000S\000a\000i\000n\000t\000\040\000S\000t\000e\000l\000l\000a\000-\000L\000o\000r\000r\000a\000i\000n\000e\000\040\000M\000a\000t\000h\000e\000m\000a\000t\000i\000c\000a\000l\000\040\000N\000e\000c\000e\000s\000s\000i\000t\000y\000\040\000C\000h\000a\000i\000n}{section.11}% 48
\BOOKMARK [2][-]{subsection.11.3}{\376\377\000T\000h\000e\000\040\000S\000-\000E\000n\000t\000r\000o\000p\000y\000\040\000G\000e\000n\000e\000s\000i\000s\000\040\000a\000s\000\040\000D\000i\000v\000i\000n\000e\000\040\000I\000n\000t\000e\000r\000v\000e\000n\000t\000i\000o\000n\000\040\000E\000v\000i\000d\000e\000n\000c\000e}{section.11}% 49
\BOOKMARK [2][-]{subsection.11.4}{\376\377\000T\000h\000e\000\040\000O\000b\000s\000e\000r\000v\000e\000r\000\040\000N\000e\000c\000e\000s\000s\000i\000t\000y\000\040\000D\000i\000s\000c\000o\000v\000e\000r\000y\000\040\000a\000s\000\040\000M\000e\000t\000a\000-\000V\000a\000l\000i\000d\000a\000t\000i\000o\000n}{section.11}% 50
\BOOKMARK [2][-]{subsection.11.5}{\376\377\000T\000h\000e\000\040\000A\000c\000c\000e\000s\000s\000i\000b\000i\000l\000i\000t\000y\000\040\000P\000a\000r\000a\000d\000o\000x\000\040\000R\000e\000s\000o\000l\000u\000t\000i\000o\000n}{section.11}% 51
\BOOKMARK [2][-]{subsection.11.6}{\376\377\000T\000h\000e\000\040\000C\000o\000m\000p\000l\000e\000t\000e\000\040\000S\000e\000l\000f\000-\000V\000a\000l\000i\000d\000a\000t\000i\000n\000g\000\040\000L\000o\000o\000p}{section.11}% 52
\BOOKMARK [1][-]{section.12}{\376\377\000T\000h\000e\000\040\000B\000e\000l\000i\000e\000f\000\040\000N\000e\000c\000e\000s\000s\000i\000t\000y\000\040\000T\000h\000e\000o\000r\000e\000m\000:\000\040\000T\000h\000e\000\040\000F\000o\000u\000n\000d\000a\000t\000i\000o\000n\000\040\000o\000f\000\040\000I\000n\000t\000e\000l\000l\000i\000g\000e\000n\000t\000\040\000E\000x\000i\000s\000t\000e\000n\000c\000e}{}% 53
\BOOKMARK [2][-]{subsection.12.1}{\376\377\000B\000e\000l\000i\000e\000f\000\040\000v\000s\000.\000\040\000K\000n\000o\000w\000l\000e\000d\000g\000e\000:\000\040\000T\000h\000e\000\040\000F\000u\000n\000d\000a\000m\000e\000n\000t\000a\000l\000\040\000D\000i\000s\000t\000i\000n\000c\000t\000i\000o\000n}{section.12}% 54
\BOOKMARK [2][-]{subsection.12.2}{\376\377\000T\000h\000e\000\040\000G\000l\000o\000b\000a\000l\000\040\000S\000-\000E\000n\000t\000r\000o\000p\000y\000\040\000V\000i\000a\000b\000i\000l\000i\000t\000y\000\040\000F\000r\000a\000m\000e\000w\000o\000r\000k}{section.12}% 55
\BOOKMARK [2][-]{subsection.12.3}{\376\377\000T\000h\000e\000\040\000O\000b\000s\000e\000r\000v\000e\000r\000\040\000B\000e\000l\000i\000e\000f\000\040\000N\000e\000c\000e\000s\000s\000i\000t\000y}{section.12}% 56
\BOOKMARK [2][-]{subsection.12.4}{\376\377\000T\000h\000e\000\040\000F\000u\000n\000d\000a\000m\000e\000n\000t\000a\000l\000\040\000I\000n\000t\000e\000r\000n\000e\000t\000\040\000A\000n\000a\000l\000o\000g\000y}{section.12}% 57
\BOOKMARK [2][-]{subsection.12.5}{\376\377\000T\000h\000e\000\040\000B\000e\000l\000i\000e\000f\000-\000R\000e\000a\000l\000i\000t\000y\000\040\000P\000a\000r\000t\000i\000c\000i\000p\000a\000t\000i\000o\000n\000\040\000L\000o\000o\000p}{section.12}% 58
\BOOKMARK [2][-]{subsection.12.6}{\376\377\000T\000h\000e\000\040\000D\000i\000v\000i\000n\000e\000\040\000I\000n\000t\000e\000r\000v\000e\000n\000t\000i\000o\000n\000\040\000I\000n\000e\000v\000i\000t\000a\000b\000i\000l\000i\000t\000y}{section.12}% 59
\BOOKMARK [2][-]{subsection.12.7}{\376\377\000T\000h\000e\000\040\000C\000o\000m\000p\000l\000e\000t\000e\000\040\000C\000i\000r\000c\000u\000l\000a\000r\000\040\000P\000r\000o\000o\000f}{section.12}% 60
\BOOKMARK [1][-]{section.13}{\376\377\000T\000h\000e\000\040\000S\000-\000E\000n\000t\000r\000o\000p\000y\000\040\000A\000l\000g\000o\000r\000i\000t\000h\000m\000\040\000a\000n\000d\000\040\000F\000u\000n\000c\000t\000i\000o\000n\000a\000l\000\040\000D\000e\000l\000u\000s\000i\000o\000n\000\040\000N\000e\000c\000e\000s\000s\000i\000t\000y}{}% 61
\BOOKMARK [2][-]{subsection.13.1}{\376\377\000B\000e\000l\000i\000e\000f\000\040\000a\000s\000\040\000t\000h\000e\000\040\000S\000-\000E\000n\000t\000r\000o\000p\000y\000\040\000A\000l\000g\000o\000r\000i\000t\000h\000m}{section.13}% 62
\BOOKMARK [2][-]{subsection.13.2}{\376\377\000G\000\366\000d\000e\000l\000'\000s\000\040\000I\000n\000c\000o\000m\000p\000l\000e\000t\000e\000n\000e\000s\000s\000\040\000a\000n\000d\000\040\000t\000h\000e\000\040\000I\000m\000p\000o\000s\000s\000i\000b\000i\000l\000i\000t\000y\000\040\000o\000f\000\040\000C\000o\000m\000p\000l\000e\000t\000e\000\040\000K\000n\000o\000w\000l\000e\000d\000g\000e\000\040\000S\000y\000s\000t\000e\000m\000s}{section.13}% 63
\BOOKMARK [2][-]{subsection.13.3}{\376\377\000T\000h\000e\000\040\000B\000M\000D\000\040\000F\000a\000b\000r\000i\000c\000a\000t\000i\000o\000n\000-\000R\000e\000a\000l\000i\000t\000y\000\040\000C\000o\000m\000p\000a\000r\000i\000s\000o\000n\000\040\000S\000y\000s\000t\000e\000m}{section.13}% 64
\BOOKMARK [2][-]{subsection.13.4}{\376\377\000T\000h\000e\000\040\000D\000e\000l\000u\000s\000i\000o\000n\000\040\000o\000f\000\040\000C\000h\000o\000i\000c\000e\000:\000\040\000F\000u\000n\000c\000t\000i\000o\000n\000a\000l\000\040\000N\000e\000c\000e\000s\000s\000i\000t\000y\000\040\000i\000n\000\040\000D\000e\000t\000e\000r\000m\000i\000n\000i\000s\000t\000i\000c\000\040\000S\000y\000s\000t\000e\000m\000s}{section.13}% 65
\BOOKMARK [2][-]{subsection.13.5}{\376\377\000T\000h\000e\000\040\000E\000v\000o\000l\000u\000t\000i\000o\000n\000a\000r\000y\000\040\000E\000n\000g\000i\000n\000e\000e\000r\000i\000n\000g\000\040\000o\000f\000\040\000N\000e\000c\000e\000s\000s\000a\000r\000y\000\040\000D\000e\000l\000u\000s\000i\000o\000n\000s}{section.13}% 66
\BOOKMARK [2][-]{subsection.13.6}{\376\377\000S\000o\000c\000i\000e\000t\000y\000'\000s\000\040\000D\000e\000p\000e\000n\000d\000e\000n\000c\000e\000\040\000o\000n\000\040\000C\000o\000l\000l\000e\000c\000t\000i\000v\000e\000\040\000D\000e\000l\000u\000s\000i\000o\000n\000s}{section.13}% 67
\BOOKMARK [2][-]{subsection.13.7}{\376\377\000T\000h\000e\000\040\000M\000e\000t\000a\000-\000D\000i\000v\000i\000n\000e\000\040\000I\000n\000t\000e\000r\000v\000e\000n\000t\000i\000o\000n\000\040\000F\000r\000a\000m\000e\000w\000o\000r\000k}{section.13}% 68
\BOOKMARK [2][-]{subsection.13.8}{\376\377\000T\000h\000e\000\040\000C\000o\000m\000p\000l\000e\000t\000e\000\040\000I\000n\000t\000e\000g\000r\000a\000t\000i\000o\000n\000:\000\040\000W\000h\000y\000\040\000D\000i\000v\000i\000n\000e\000\040\000I\000n\000t\000e\000r\000v\000e\000n\000t\000i\000o\000n\000\040\000i\000s\000\040\000M\000a\000t\000h\000e\000m\000a\000t\000i\000c\000a\000l\000l\000y\000\040\000C\000e\000r\000t\000a\000i\000n}{section.13}% 69
\BOOKMARK [1][-]{section.14}{\376\377\000T\000h\000e\000\040\000R\000e\000s\000o\000l\000u\000t\000i\000o\000n\000\040\000o\000f\000\040\000E\000v\000i\000l\000:\000\040\000D\000i\000v\000i\000n\000e\000\040\000I\000n\000t\000e\000r\000v\000e\000n\000t\000i\000o\000n\000\040\000a\000n\000d\000\040\000C\000a\000t\000e\000g\000o\000r\000i\000c\000a\000l\000\040\000N\000e\000c\000e\000s\000s\000i\000t\000y}{}% 70
\BOOKMARK [2][-]{subsection.14.1}{\376\377\000T\000h\000e\000\040\000C\000a\000t\000e\000g\000o\000r\000i\000c\000a\000l\000\040\000E\000r\000r\000o\000r\000\040\000o\000f\000\040\000E\000v\000i\000l\000\040\000i\000n\000\040\000D\000i\000v\000i\000n\000e\000\040\000I\000n\000t\000e\000r\000v\000e\000n\000t\000i\000o\000n\000\040\000C\000o\000n\000t\000e\000x\000t}{section.14}% 71
\BOOKMARK [2][-]{subsection.14.2}{\376\377\000T\000h\000e\000\040\000T\000h\000e\000r\000m\000o\000d\000y\000n\000a\000m\000i\000c\000\040\000N\000e\000c\000e\000s\000s\000i\000t\000y\000\040\000o\000f\000\040\000A\000p\000p\000a\000r\000e\000n\000t\000\040\000E\000v\000i\000l}{section.14}% 72
\BOOKMARK [2][-]{subsection.14.3}{\376\377\000T\000h\000e\000\040\000P\000r\000o\000j\000e\000c\000t\000i\000l\000e\000\040\000P\000a\000r\000a\000d\000o\000x\000\040\000A\000p\000p\000l\000i\000e\000d\000\040\000t\000o\000\040\000D\000i\000v\000i\000n\000e\000\040\000I\000n\000t\000e\000r\000v\000e\000n\000t\000i\000o\000n}{section.14}% 73
\BOOKMARK [2][-]{subsection.14.4}{\376\377\000T\000h\000e\000\040\000T\000e\000m\000p\000o\000r\000a\000l\000\040\000D\000i\000s\000s\000o\000l\000u\000t\000i\000o\000n\000\040\000o\000f\000\040\000E\000v\000i\000l\000\040\000i\000n\000\040\000D\000i\000v\000i\000n\000e\000\040\000S\000y\000s\000t\000e\000m\000s}{section.14}% 74
\BOOKMARK [2][-]{subsection.14.5}{\376\377\000T\000h\000e\000\040\000D\000i\000v\000i\000n\000e\000\040\000I\000n\000t\000e\000r\000v\000e\000n\000t\000i\000o\000n\000\040\000N\000e\000c\000e\000s\000s\000i\000t\000y\000\040\000f\000o\000r\000\040\000A\000p\000p\000a\000r\000e\000n\000t\000\040\000E\000v\000i\000l}{section.14}% 75
\BOOKMARK [2][-]{subsection.14.6}{\376\377\000T\000h\000e\000\040\000U\000l\000t\000i\000m\000a\000t\000e\000\040\000R\000e\000s\000o\000l\000u\000t\000i\000o\000n\000:\000\040\000E\000v\000i\000l\000\040\000a\000s\000\040\000D\000i\000v\000i\000n\000e\000\040\000S\000y\000s\000t\000e\000m\000\040\000M\000a\000i\000n\000t\000e\000n\000a\000n\000c\000e}{section.14}% 76
\BOOKMARK [2][-]{subsection.14.7}{\376\377\000P\000r\000a\000c\000t\000i\000c\000a\000l\000\040\000I\000m\000p\000l\000i\000c\000a\000t\000i\000o\000n\000s\000\040\000f\000o\000r\000\040\000T\000h\000e\000o\000d\000i\000c\000y}{section.14}% 77
\BOOKMARK [1][-]{section.15}{\376\377\000T\000h\000e\000\040\000M\000a\000d\000n\000e\000s\000s\000-\000D\000e\000t\000e\000r\000m\000i\000n\000i\000s\000m\000\040\000F\000o\000u\000n\000d\000a\000t\000i\000o\000n\000:\000\040\000W\000h\000y\000\040\000D\000i\000v\000i\000n\000e\000\040\000I\000n\000t\000e\000r\000v\000e\000n\000t\000i\000o\000n\000\040\000i\000s\000\040\000C\000o\000h\000e\000r\000e\000n\000t}{}% 78
\BOOKMARK [2][-]{subsection.15.1}{\376\377\000T\000h\000e\000\040\000L\000o\000g\000i\000c\000a\000l\000\040\000P\000r\000o\000o\000f\000\040\000o\000f\000\040\000D\000e\000t\000e\000r\000m\000i\000n\000i\000s\000t\000i\000c\000\040\000R\000e\000a\000l\000i\000t\000y}{section.15}% 79
\BOOKMARK [2][-]{subsection.15.2}{\376\377\000T\000h\000e\000\040\000I\000n\000d\000i\000s\000t\000i\000n\000g\000u\000i\000s\000h\000a\000b\000i\000l\000i\000t\000y\000\040\000P\000r\000i\000n\000c\000i\000p\000l\000e\000\040\000E\000x\000t\000e\000n\000d\000e\000d}{section.15}% 80
\BOOKMARK [2][-]{subsection.15.3}{\376\377\000W\000h\000y\000\040\000P\000r\000e\000d\000e\000t\000e\000r\000m\000i\000n\000e\000d\000\040\000R\000e\000a\000l\000i\000t\000y\000\040\000E\000n\000a\000b\000l\000e\000s\000\040\000D\000i\000v\000i\000n\000e\000\040\000I\000n\000t\000e\000r\000v\000e\000n\000t\000i\000o\000n}{section.15}% 81
\BOOKMARK [2][-]{subsection.15.4}{\376\377\000T\000h\000e\000\040\000M\000a\000d\000n\000e\000s\000s\000\040\000C\000l\000a\000s\000s\000i\000f\000i\000c\000a\000t\000i\000o\000n\000\040\000a\000s\000\040\000D\000i\000v\000i\000n\000e\000\040\000D\000e\000t\000e\000c\000t\000i\000o\000n\000\040\000S\000y\000s\000t\000e\000m}{section.15}% 82
\BOOKMARK [2][-]{subsection.15.5}{\376\377\000T\000h\000e\000\040\000C\000o\000h\000e\000r\000e\000n\000t\000\040\000E\000x\000i\000s\000t\000e\000n\000c\000e\000\040\000P\000r\000i\000n\000c\000i\000p\000l\000e}{section.15}% 83
\BOOKMARK [2][-]{subsection.15.6}{\376\377\000T\000h\000e\000\040\000F\000u\000n\000c\000t\000i\000o\000n\000a\000l\000\040\000D\000e\000l\000u\000s\000i\000o\000n\000\040\000N\000e\000c\000e\000s\000s\000i\000t\000y\000\040\000i\000n\000\040\000P\000r\000e\000d\000e\000t\000e\000r\000m\000i\000n\000e\000d\000\040\000R\000e\000a\000l\000i\000t\000y}{section.15}% 84
\BOOKMARK [2][-]{subsection.15.7}{\376\377\000T\000h\000e\000\040\000M\000e\000t\000a\000-\000V\000a\000l\000i\000d\000a\000t\000i\000o\000n\000:\000\040\000M\000a\000d\000n\000e\000s\000s\000\040\000C\000l\000a\000s\000s\000i\000f\000i\000c\000a\000t\000i\000o\000n\000\040\000I\000t\000s\000e\000l\000f\000\040\000a\000s\000\040\000D\000i\000v\000i\000n\000e\000\040\000E\000n\000g\000i\000n\000e\000e\000r\000i\000n\000g}{section.15}% 85
\BOOKMARK [2][-]{subsection.15.8}{\376\377\000C\000o\000m\000p\000l\000e\000t\000e\000\040\000R\000e\000s\000o\000l\000u\000t\000i\000o\000n\000:\000\040\000W\000h\000y\000\040\000D\000i\000v\000i\000n\000e\000\040\000I\000n\000t\000e\000r\000v\000e\000n\000t\000i\000o\000n\000\040\000i\000s\000\040\000M\000a\000t\000h\000e\000m\000a\000t\000i\000c\000a\000l\000l\000y\000\040\000I\000n\000e\000v\000i\000t\000a\000b\000l\000e}{section.15}% 86
\BOOKMARK [1][-]{section.16}{\376\377\000F\000u\000t\000u\000r\000e\000\040\000R\000e\000s\000e\000a\000r\000c\000h\000\040\000D\000i\000r\000e\000c\000t\000i\000o\000n\000s}{}% 87
\BOOKMARK [2][-]{subsection.16.1}{\376\377\000E\000x\000p\000e\000r\000i\000m\000e\000n\000t\000a\000l\000\040\000D\000i\000v\000i\000n\000e\000\040\000N\000e\000c\000e\000s\000s\000i\000t\000y\000\040\000V\000a\000l\000i\000d\000a\000t\000i\000o\000n}{section.16}% 88
\BOOKMARK [2][-]{subsection.16.2}{\376\377\000E\000x\000p\000e\000r\000i\000m\000e\000n\000t\000a\000l\000\040\000V\000a\000l\000i\000d\000a\000t\000i\000o\000n\000\040\000S\000t\000u\000d\000i\000e\000s}{section.16}% 89
\BOOKMARK [2][-]{subsection.16.3}{\376\377\000T\000h\000e\000o\000r\000e\000t\000i\000c\000a\000l\000\040\000E\000x\000t\000e\000n\000s\000i\000o\000n\000s}{section.16}% 90
\BOOKMARK [2][-]{subsection.16.4}{\376\377\000I\000n\000t\000e\000r\000d\000i\000s\000c\000i\000p\000l\000i\000n\000a\000r\000y\000\040\000I\000n\000t\000e\000g\000r\000a\000t\000i\000o\000n}{section.16}% 91
\BOOKMARK [1][-]{section.17}{\376\377\000C\000o\000n\000c\000l\000u\000s\000i\000o\000n\000s}{}% 92
\BOOKMARK [2][-]{subsection.17.1}{\376\377\000S\000u\000m\000m\000a\000r\000y\000\040\000o\000f\000\040\000P\000r\000i\000n\000c\000i\000p\000a\000l\000\040\000R\000e\000s\000u\000l\000t\000s}{section.17}% 93
\BOOKMARK [2][-]{subsection.17.2}{\376\377\000T\000h\000e\000o\000r\000e\000t\000i\000c\000a\000l\000\040\000S\000i\000g\000n\000i\000f\000i\000c\000a\000n\000c\000e}{section.17}% 94
\BOOKMARK [2][-]{subsection.17.3}{\376\377\000P\000r\000a\000c\000t\000i\000c\000a\000l\000\040\000I\000m\000p\000l\000i\000c\000a\000t\000i\000o\000n\000s}{section.17}% 95
\BOOKMARK [2][-]{subsection.17.4}{\376\377\000P\000h\000i\000l\000o\000s\000o\000p\000h\000i\000c\000a\000l\000\040\000I\000m\000p\000a\000c\000t}{section.17}% 96
\BOOKMARK [2][-]{subsection.17.5}{\376\377\000T\000h\000e\000\040\000E\000n\000d\000\040\000o\000f\000\040\000t\000h\000e\000\040\000D\000i\000v\000i\000n\000e\000\040\000I\000n\000t\000e\000r\000v\000e\000n\000t\000i\000o\000n\000\040\000D\000e\000b\000a\000t\000e}{section.17}% 97
